#
# There is insufficient memory for the Java Runtime Environment to continue.
# Native memory allocation (mmap) failed to map 100663296 bytes for G1 virtual space
# Possible reasons:
#   The system is out of physical RAM or swap space
#   The process is running with CompressedOops enabled, and the Java Heap may be blocking the growth of the native heap
# Possible solutions:
#   Reduce memory load on the system
#   Increase physical memory or swap space
#   Check if swap backing store is full
#   Decrease Java heap size (-Xmx/-Xms)
#   Decrease number of Java threads
#   Decrease Java thread stack sizes (-Xss)
#   Set larger code cache with -XX:ReservedCodeCacheSize=
#   JVM is running with Unscaled Compressed Oops mode in which the Java heap is
#     placed in the first 4GB address space. The Java Heap base address is the
#     maximum limit for the native heap growth. Please use -XX:HeapBaseMinAddress
#     to set the Java Heap base and to place the Java Heap above 4GB virtual address.
# This output file may be truncated or incomplete.
#
#  Out of Memory Error (os_windows.cpp:3541), pid=19476, tid=22264
#
# JRE version:  (17.0.4.1+1) (build )
# Java VM: OpenJDK 64-Bit Server VM (17.0.4.1+1, mixed mode, sharing, tiered, compressed oops, compressed class ptrs, g1 gc, windows-amd64)
# No core dump will be written. Minidumps are not enabled by default on client versions of Windows
#

---------------  S U M M A R Y ------------

Command Line: -Dfile.encoding=UTF-8 -XX:+ShowCodeDetailsInExceptionMessages OOPs.BookManagementSystem

Host: AMD Ryzen 5 3550H with Radeon Vega Mobile Gfx  , 8 cores, 5G,  Windows 10 , 64 bit Build 19041 (10.0.19041.2364)
Time: Wed Dec 21 14:04:38 2022 India Standard Time elapsed time: 0.015335 seconds (0d 0h 0m 0s)

---------------  T H R E A D  ---------------

Current thread (0x000002367034fc50):  JavaThread "Unknown thread" [_thread_in_vm, id=22264, stack(0x0000003bf6c00000,0x0000003bf6d00000)]

Stack: [0x0000003bf6c00000,0x0000003bf6d00000]
Native frames: (J=compiled Java code, j=interpreted, Vv=VM code, C=native code)
V  [jvm.dll+0x67731a]
V  [jvm.dll+0x832284]
V  [jvm.dll+0x833a2e]
V  [jvm.dll+0x834093]
V  [jvm.dll+0x245775]
V  [jvm.dll+0x674209]
V  [jvm.dll+0x668a92]
V  [jvm.dll+0x30471b]
V  [jvm.dll+0x30bc66]
V  [jvm.dll+0x35ba9e]
V  [jvm.dll+0x35bccf]
V  [jvm.dll+0x2db5b8]
V  [jvm.dll+0x2dc524]
V  [jvm.dll+0x803db1]
V  [jvm.dll+0x3698f1]
V  [jvm.dll+0x7e31bc]
V  [jvm.dll+0x3ec25f]
V  [jvm.dll+0x3edde1]
C  [jli.dll+0x5277]
C  [ucrtbase.dll+0x21bb2]
C  [KERNEL32.DLL+0x17614]
C  [ntdll.dll+0x526a1]


---------------  P R O C E S S  ---------------

Threads class SMR info:
_java_thread_list=0x00007ffc42c74e98, length=0, elements={
}

Java Threads: ( => current thread )

Other Threads:
  0x000002367039bc00 GCTaskThread "GC Thread#0" [stack: 0x0000003bf6d00000,0x0000003bf6e00000] [id=20296]
  0x00000236703a9120 ConcurrentGCThread "G1 Main Marker" [stack: 0x0000003bf6e00000,0x0000003bf6f00000] [id=2904]
  0x00000236703a9b30 ConcurrentGCThread "G1 Conc#0" [stack: 0x0000003bf6f00000,0x0000003bf7000000] [id=21788]

[error occurred during error reporting (printing all threads), id 0xc0000005, EXCEPTION_ACCESS_VIOLATION (0xc0000005) at pc=0x00007ffc4244c047]

VM state: not at safepoint (not fully initialized)

VM Mutex/Monitor currently owned by a thread:  ([mutex/lock_event])
[0x000002367034b6f0] Heap_lock - owner thread: 0x000002367034fc50

Heap address: 0x00000000a0e00000, size: 1522 MB, Compressed Oops mode: 32-bit

CDS archive(s) mapped at: [0x0000000000000000-0x0000000000000000-0x0000000000000000), size 0, SharedBaseAddress: 0x0000000800000000, ArchiveRelocationMode: 0.
Narrow klass base: 0x0000000000000000, Narrow klass shift: 0, Narrow klass range: 0x0

GC Precious Log:
<Empty>

Heap:
 garbage-first heap   total 0K, used 0K [0x00000000a0e00000, 0x0000000100000000)
  region size 1024K, 0 young (0K), 0 survivors (0K)

[error occurred during error reporting (printing heap information), id 0xc0000005, EXCEPTION_ACCESS_VIOLATION (0xc0000005) at pc=0x00007ffc42830699]

GC Heap History (0 events):
No events

Deoptimization events (0 events):
No events

Classes unloaded (0 events):
No events

Classes redefined (0 events):
No events

Internal exceptions (0 events):
No events

VM Operations (0 events):
No events

Events (1 events):
Event: 0.010 Loaded shared library D:\application setup file\eclipse\plugins\org.eclipse.justj.openjdk.hotspot.jre.full.win32.x86_64_17.0.4.v20220903-1038\jre\bin\java.dll


Dynamic libraries:
0x00007ff685970000 - 0x00007ff68597e000 	D:\application setup file\eclipse\plugins\org.eclipse.justj.openjdk.hotspot.jre.full.win32.x86_64_17.0.4.v20220903-1038\jre\bin\javaw.exe
0x00007ffcc03b0000 - 0x00007ffcc05a8000 	C:\Windows\SYSTEM32\ntdll.dll
0x00007ffcbf720000 - 0x00007ffcbf7df000 	C:\Windows\System32\KERNEL32.DLL
0x00007ffcbdd10000 - 0x00007ffcbdfe2000 	C:\Windows\System32\KERNELBASE.dll
0x00007ffcbe280000 - 0x00007ffcbe380000 	C:\Windows\System32\ucrtbase.dll
0x00007ffcb81d0000 - 0x00007ffcb81e8000 	D:\application setup file\eclipse\plugins\org.eclipse.justj.openjdk.hotspot.jre.full.win32.x86_64_17.0.4.v20220903-1038\jre\bin\jli.dll
0x00007ffcb9600000 - 0x00007ffcb9619000 	D:\application setup file\eclipse\plugins\org.eclipse.justj.openjdk.hotspot.jre.full.win32.x86_64_17.0.4.v20220903-1038\jre\bin\VCRUNTIME140.dll
0x00007ffcbe830000 - 0x00007ffcbe9d1000 	C:\Windows\System32\USER32.dll
0x00007ffcbe090000 - 0x00007ffcbe0b2000 	C:\Windows\System32\win32u.dll
0x00007ffca9c80000 - 0x00007ffca9f1a000 	C:\Windows\WinSxS\amd64_microsoft.windows.common-controls_6595b64144ccf1df_6.0.19041.1110_none_60b5254171f9507e\COMCTL32.dll
0x00007ffcbfac0000 - 0x00007ffcbfaeb000 	C:\Windows\System32\GDI32.dll
0x00007ffcbead0000 - 0x00007ffcbeb6e000 	C:\Windows\System32\msvcrt.dll
0x00007ffcbe0c0000 - 0x00007ffcbe1cf000 	C:\Windows\System32\gdi32full.dll
0x00007ffcbdff0000 - 0x00007ffcbe08d000 	C:\Windows\System32\msvcp_win.dll
0x00007ffcbe9e0000 - 0x00007ffcbea12000 	C:\Windows\System32\IMM32.DLL
0x00007ffcb81c0000 - 0x00007ffcb81cc000 	D:\application setup file\eclipse\plugins\org.eclipse.justj.openjdk.hotspot.jre.full.win32.x86_64_17.0.4.v20220903-1038\jre\bin\vcruntime140_1.dll
0x00007ffcb6330000 - 0x00007ffcb63c1000 	D:\application setup file\eclipse\plugins\org.eclipse.justj.openjdk.hotspot.jre.full.win32.x86_64_17.0.4.v20220903-1038\jre\bin\msvcp140.dll
0x00007ffc42160000 - 0x00007ffc42da6000 	D:\application setup file\eclipse\plugins\org.eclipse.justj.openjdk.hotspot.jre.full.win32.x86_64_17.0.4.v20220903-1038\jre\bin\server\jvm.dll
0x00007ffcbea20000 - 0x00007ffcbeace000 	C:\Windows\System32\ADVAPI32.dll
0x00007ffcbfcd0000 - 0x00007ffcbfd6c000 	C:\Windows\System32\sechost.dll
0x00007ffcbfdd0000 - 0x00007ffcbfef5000 	C:\Windows\System32\RPCRT4.dll
0x00007ffcbf850000 - 0x00007ffcbf858000 	C:\Windows\System32\PSAPI.DLL
0x00007ffcb98f0000 - 0x00007ffcb98f9000 	C:\Windows\SYSTEM32\WSOCK32.dll
0x00007ffcb4f80000 - 0x00007ffcb4f8a000 	C:\Windows\SYSTEM32\VERSION.dll
0x00007ffcbf7e0000 - 0x00007ffcbf84b000 	C:\Windows\System32\WS2_32.dll
0x00007ffcb39e0000 - 0x00007ffcb3a07000 	C:\Windows\SYSTEM32\WINMM.dll
0x00007ffcbb960000 - 0x00007ffcbb972000 	C:\Windows\SYSTEM32\kernel.appcore.dll
0x00007ffcb8150000 - 0x00007ffcb815a000 	D:\application setup file\eclipse\plugins\org.eclipse.justj.openjdk.hotspot.jre.full.win32.x86_64_17.0.4.v20220903-1038\jre\bin\jimage.dll
0x00007ffcad050000 - 0x00007ffcad234000 	C:\Windows\SYSTEM32\DBGHELP.DLL
0x00007ffcacfe0000 - 0x00007ffcad015000 	C:\Windows\SYSTEM32\dbgcore.DLL
0x00007ffcbdc50000 - 0x00007ffcbdcd2000 	C:\Windows\System32\bcryptPrimitives.dll
0x00007ffcad020000 - 0x00007ffcad045000 	D:\application setup file\eclipse\plugins\org.eclipse.justj.openjdk.hotspot.jre.full.win32.x86_64_17.0.4.v20220903-1038\jre\bin\java.dll

dbghelp: loaded successfully - version: 4.0.5 - missing functions: none
symbol engine: initialized successfully - sym options: 0x614 - pdb path: .;D:\application setup file\eclipse\plugins\org.eclipse.justj.openjdk.hotspot.jre.full.win32.x86_64_17.0.4.v20220903-1038\jre\bin;C:\Windows\SYSTEM32;C:\Windows\WinSxS\amd64_microsoft.windows.common-controls_6595b64144ccf1df_6.0.19041.1110_none_60b5254171f9507e;D:\application setup file\eclipse\plugins\org.eclipse.justj.openjdk.hotspot.jre.full.win32.x86_64_17.0.4.v20220903-1038\jre\bin\server

VM Arguments:
jvm_args: -Dfile.encoding=UTF-8 -XX:+ShowCodeDetailsInExceptionMessages 
java_command: OOPs.BookManagementSystem
java_class_path (initial): C:\Users\acer\Desktop\GIT REPO\Anudip-Foundation\bin
Launcher Type: SUN_STANDARD

[Global flags]
     intx CICompilerCount                          = 4                                         {product} {ergonomic}
     uint ConcGCThreads                            = 2                                         {product} {ergonomic}
     uint G1ConcRefinementThreads                  = 8                                         {product} {ergonomic}
   size_t G1HeapRegionSize                         = 1048576                                   {product} {ergonomic}
    uintx GCDrainStackTargetSize                   = 64                                        {product} {ergonomic}
   size_t InitialHeapSize                          = 100663296                                 {product} {ergonomic}
   size_t MarkStackSize                            = 4194304                                   {product} {ergonomic}
   size_t MaxHeapSize                              = 1595932672                                {product} {ergonomic}
   size_t MinHeapDeltaBytes                        = 1048576                                   {product} {ergonomic}
   size_t MinHeapSize                              = 8388608                                   {product} {ergonomic}
    uintx NonNMethodCodeHeapSize                   = 5839372                                {pd product} {ergonomic}
    uintx NonProfiledCodeHeapSize                  = 122909434                              {pd product} {ergonomic}
    uintx ProfiledCodeHeapSize                     = 122909434                              {pd product} {ergonomic}
    uintx ReservedCodeCacheSize                    = 251658240                              {pd product} {ergonomic}
     bool SegmentedCodeCache                       = true                                      {product} {ergonomic}
     bool ShowCodeDetailsInExceptionMessages       = true                                   {manageable} {command line}
   size_t SoftMaxHeapSize                          = 1595932672                             {manageable} {ergonomic}
     bool UseCompressedClassPointers               = true                           {product lp64_product} {ergonomic}
     bool UseCompressedOops                        = true                           {product lp64_product} {ergonomic}
     bool UseG1GC                                  = true                                      {product} {ergonomic}
     bool UseLargePagesIndividualAllocation        = false                                  {pd product} {ergonomic}

Logging:
Log output configuration:
 #0: stdout all=warning uptime,level,tags
 #1: stderr all=off uptime,level,tags

Environment Variables:
PATH=D:/application setup file/eclipse//plugins/org.eclipse.justj.openjdk.hotspot.jre.full.win32.x86_64_17.0.4.v20220903-1038/jre/bin/server;D:/application setup file/eclipse//plugins/org.eclipse.justj.openjdk.hotspot.jre.full.win32.x86_64_17.0.4.v20220903-1038/jre/bin;C:\Program Files\Common Files\Oracle\Java\javapath;C:\Windows\system32;C:\Windows;C:\Windows\System32\Wbem;C:\Windows\System32\WindowsPowerShell\v1.0\;C:\Windows\System32\OpenSSH\;C:\Program Files\Java\jdk-18.0.2.1\bin;C:\xampp\php;C:\ProgramData\ComposerSetup\bin;C:\Program Files\nodejs\;C:\Users\acer\AppData\Local\Programs\Python\Python310\Lib;C:\Program Files\Java\jdk-18.0.2.1\lib;C:\Program Files\dotnet\;C:\Program Files\javafx-sdk-19\lib;C:\Program Files\javafx-sdk-19\bin;C:\Program Files\Java\jdk-11.0.16.1\bin;C:\Program Files\Java\jdk-11.0.16.1\lib;C:\Users\acer\AppData\Local\Programs\Python\Python311\Scripts\;C:\Users\acer\AppData\Local\Programs\Python\Python311\;C:\Users\acer\AppData\Local\Programs\Python\Python310\Scripts\;C:\Users\acer\AppData\Local\Programs\Python\Python310\;C:\Users\acer\AppData\Local\Microsoft\WindowsApps;C:\Program Files\JetBrains\IntelliJ IDEA Community Edition 2022.2.1\bin;;C:\Users\acer\AppData\Local\Programs\Microsoft VS Code\bin;C:\Users\acer\AppData\Local\GitHubDesktop\bin;C:\Users\acer\AppData\Roaming\Composer\vendor\bin;C:\Users\acer\AppData\Roaming\npm;C:\Program Files\JetBrains\PhpStorm 2022.2.3\bin;;D:\application setup file\eclipse;
USERNAME=acer
OS=Windows_NT
PROCESSOR_IDENTIFIER=AMD64 Family 23 Model 24 Stepping 1, AuthenticAMD
TMP=C:\Users\acer\AppData\Local\Temp
TEMP=C:\Users\acer\AppData\Local\Temp



---------------  S Y S T E M  ---------------

OS:
 Windows 10 , 64 bit Build 19041 (10.0.19041.2364)
OS uptime: 2 days 3:50 hours

CPU: total 8 (initial active 8) (8 cores per cpu, 2 threads per core) family 23 model 24 stepping 1 microcode 0x0, cx8, cmov, fxsr, ht, mmx, 3dnowpref, sse, sse2, sse3, ssse3, sse4a, sse4.1, sse4.2, popcnt, lzcnt, tsc, tscinvbit, avx, avx2, aes, clmul, bmi1, bmi2, adx, sha, fma, vzeroupper, clflush, clflushopt

Memory: 4k page, system-wide physical 6082M (558M free)
TotalPageFile size 24514M (AvailPageFile size 54M)
current process WorkingSet (physical memory assigned to process): 10M, peak: 10M
current process commit charge ("private bytes"): 59M, peak: 155M

vm_info: OpenJDK 64-Bit Server VM (17.0.4.1+1) for windows-amd64 JRE (17.0.4.1+1), built on Aug 17 2022 07:42:43 by "temurin" with MS VC++ 16.7 (VS2019)

END.
